<?xml version="1.0" encoding="UTF-8"?>
<!-- Generated by org.testng.reporters.JUnitReportReporter -->
<testsuite hostname="suyash-PC" failures="0" tests="1" name="narcissus.HomePageTest" time="27.014" errors="0" timestamp="2022-06-16T08:14:40 IST" skipped="0">
  <testcase classname="narcissus.HomePageTest" name="verifySearchResultsForShoes" time="27.014"/>
  <system-out/>
</testsuite> <!-- narcissus.HomePageTest -->
